c:\users\jamal\documents\github\yggdrasil-engine\yggdrasil\yggdrasil\debug\vc120.pdb
c:\users\jamal\documents\github\yggdrasil-engine\yggdrasil\yggdrasil\debug\vc120.idb
c:\users\jamal\documents\github\yggdrasil-engine\yggdrasil\yggdrasil\debug\main.obj
c:\users\jamal\documents\github\yggdrasil-engine\yggdrasil\yggdrasil\debug\material.obj
c:\users\jamal\documents\github\yggdrasil-engine\yggdrasil\yggdrasil\debug\math.obj
c:\users\jamal\documents\github\yggdrasil-engine\yggdrasil\yggdrasil\debug\matrix4.obj
c:\users\jamal\documents\github\yggdrasil-engine\yggdrasil\yggdrasil\debug\mesh.obj
c:\users\jamal\documents\github\yggdrasil-engine\yggdrasil\yggdrasil\debug\model.obj
c:\users\jamal\documents\github\yggdrasil-engine\yggdrasil\yggdrasil\debug\phongmaterial.obj
c:\users\jamal\documents\github\yggdrasil-engine\yggdrasil\yggdrasil\debug\planegeometry.obj
c:\users\jamal\documents\github\yggdrasil-engine\yggdrasil\yggdrasil\debug\quaternion.obj
c:\users\jamal\documents\github\yggdrasil-engine\yggdrasil\yggdrasil\debug\renderer.obj
c:\users\jamal\documents\github\yggdrasil-engine\yggdrasil\yggdrasil\debug\rendertarget.obj
c:\users\jamal\documents\github\yggdrasil-engine\yggdrasil\yggdrasil\debug\resource.obj
c:\users\jamal\documents\github\yggdrasil-engine\yggdrasil\yggdrasil\debug\scene.obj
c:\users\jamal\documents\github\yggdrasil-engine\yggdrasil\yggdrasil\debug\shader.obj
c:\users\jamal\documents\github\yggdrasil-engine\yggdrasil\yggdrasil\debug\spheregeometry.obj
c:\users\jamal\documents\github\yggdrasil-engine\yggdrasil\yggdrasil\debug\texture.obj
c:\users\jamal\documents\github\yggdrasil-engine\yggdrasil\yggdrasil\debug\transform.obj
c:\users\jamal\documents\github\yggdrasil-engine\yggdrasil\yggdrasil\debug\vector2.obj
c:\users\jamal\documents\github\yggdrasil-engine\yggdrasil\yggdrasil\debug\vector3.obj
c:\users\jamal\documents\github\yggdrasil-engine\yggdrasil\yggdrasil\debug\yggdrasil.obj
c:\users\jamal\documents\github\yggdrasil-engine\yggdrasil\yggdrasil\debug\actor.obj
c:\users\jamal\documents\github\yggdrasil-engine\yggdrasil\yggdrasil\debug\asset.obj
c:\users\jamal\documents\github\yggdrasil-engine\yggdrasil\yggdrasil\debug\camera.obj
c:\users\jamal\documents\github\yggdrasil-engine\yggdrasil\yggdrasil\debug\color.obj
c:\users\jamal\documents\github\yggdrasil-engine\yggdrasil\yggdrasil\debug\directionnallight.obj
c:\users\jamal\documents\github\yggdrasil-engine\yggdrasil\yggdrasil\debug\file.obj
c:\users\jamal\documents\github\yggdrasil-engine\yggdrasil\yggdrasil\debug\fresnelmaterial.obj
c:\users\jamal\documents\github\yggdrasil-engine\yggdrasil\yggdrasil\debug\geometry.obj
c:\users\jamal\documents\github\yggdrasil-engine\yggdrasil\yggdrasil\debug\image.obj
c:\users\jamal\documents\github\yggdrasil-engine\yggdrasil\yggdrasil\debug\lambertmaterial.obj
c:\users\jamal\documents\github\yggdrasil-engine\yggdrasil\yggdrasil\debug\light.obj
c:\users\jamal\documents\github\yggdrasil-engine\yggdrasil\debug\yggdrasil.ilk
c:\users\jamal\documents\github\yggdrasil-engine\yggdrasil\debug\yggdrasil.exe
c:\users\jamal\documents\github\yggdrasil-engine\yggdrasil\debug\yggdrasil.pdb
c:\users\jamal\documents\github\yggdrasil-engine\yggdrasil\yggdrasil\debug\yggdrasil.tlog\cl.command.1.tlog
c:\users\jamal\documents\github\yggdrasil-engine\yggdrasil\yggdrasil\debug\yggdrasil.tlog\cl.read.1.tlog
c:\users\jamal\documents\github\yggdrasil-engine\yggdrasil\yggdrasil\debug\yggdrasil.tlog\cl.write.1.tlog
c:\users\jamal\documents\github\yggdrasil-engine\yggdrasil\yggdrasil\debug\yggdrasil.tlog\link.command.1.tlog
c:\users\jamal\documents\github\yggdrasil-engine\yggdrasil\yggdrasil\debug\yggdrasil.tlog\link.read.1.tlog
c:\users\jamal\documents\github\yggdrasil-engine\yggdrasil\yggdrasil\debug\yggdrasil.tlog\link.write.1.tlog
