Build started 10/12/2015 17:03:57.
     1>Project "C:\Users\wnivore\Documents\GitHub\Yggdrasil-Engine\Yggdrasil\Yggdrasil\Yggdrasil.vcxproj" on node 2 (Build target(s)).
     1>ClCompile:
         C:\Program Files (x86)\Microsoft Visual Studio 12.0\VC\bin\CL.exe /c /ILibs\TinyObjLoader\TINY /ILibs\stbimage\include /ILibs\SFML\include /ILibs\glew\include /ILibs\AntTweakBar\include /ZI /nologo /W3 /WX- /sdl /Od /Oy- /D _MBCS /Gm /EHsc /RTC1 /MDd /GS /fp:precise /Zc:wchar_t /Zc:forScope /Fo"Debug\\" /Fd"Debug\vc120.pdb" /Gd /TP /analyze- /errorReport:prompt Actor.cpp Asset.cpp Camera.cpp Color.cpp File.cpp Image.cpp main.cpp Math.cpp Matrix4.cpp Model.cpp Quaternion.cpp Renderer.cpp Resource.cpp Scene.cpp Shader.cpp Texture.cpp Transform.cpp Vector2.cpp Vector3.cpp Yggdrasil.cpp
         Yggdrasil.cpp
         Vector3.cpp
         Vector2.cpp
         Transform.cpp
         Texture.cpp
         Shader.cpp
         Scene.cpp
         Resource.cpp
         Renderer.cpp
         Quaternion.cpp
         Model.cpp
         Matrix4.cpp
         Math.cpp
         main.cpp
         Image.cpp
         File.cpp
         Color.cpp
         Camera.cpp
         Asset.cpp
         Actor.cpp
         Generating Code...
       Link:
         C:\Program Files (x86)\Microsoft Visual Studio 12.0\VC\bin\link.exe /ERRORREPORT:PROMPT /OUT:"C:\Users\wnivore\Documents\GitHub\Yggdrasil-Engine\Yggdrasil\Debug\Yggdrasil.exe" /INCREMENTAL /NOLOGO /LIBPATH:Libs\SFML\lib /LIBPATH:Libs\glew\lib /LIBPATH:Libs\AntTweakBar\lib opengl32.lib glew32.lib "sfml-graphics.lib" "sfml-window.lib" "sfml-system.lib" kernel32.lib user32.lib gdi32.lib winspool.lib comdlg32.lib advapi32.lib shell32.lib ole32.lib oleaut32.lib uuid.lib odbc32.lib odbccp32.lib /MANIFEST /MANIFESTUAC:"level='asInvoker' uiAccess='false'" /manifest:embed /DEBUG /PDB:"C:\Users\wnivore\Documents\GitHub\Yggdrasil-Engine\Yggdrasil\Debug\Yggdrasil.pdb" /TLBID:1 /DYNAMICBASE /NXCOMPAT /IMPLIB:"C:\Users\wnivore\Documents\GitHub\Yggdrasil-Engine\Yggdrasil\Debug\Yggdrasil.lib" /MACHINE:X86 Debug\Actor.obj
         Debug\Asset.obj
         Debug\Camera.obj
         Debug\Color.obj
         Debug\File.obj
         Debug\Image.obj
         Debug\main.obj
         Debug\Math.obj
         Debug\Matrix4.obj
         Debug\Model.obj
         Debug\Quaternion.obj
         Debug\Renderer.obj
         Debug\Resource.obj
         Debug\Scene.obj
         Debug\Shader.obj
         Debug\Texture.obj
         Debug\Transform.obj
         Debug\Vector2.obj
         Debug\Vector3.obj
         Debug\Yggdrasil.obj
         Yggdrasil.vcxproj -> C:\Users\wnivore\Documents\GitHub\Yggdrasil-Engine\Yggdrasil\Debug\Yggdrasil.exe
     1>Done Building Project "C:\Users\wnivore\Documents\GitHub\Yggdrasil-Engine\Yggdrasil\Yggdrasil\Yggdrasil.vcxproj" (Build target(s)).

Build succeeded.

Time Elapsed 00:00:11.36
